<?xml version="1.0" encoding="UTF-8"?>
<testsuite xmlns:xsi="http://www.w3.org/2001/XMLSchema-instance" xsi:noNamespaceSchemaLocation="https://maven.apache.org/surefire/maven-surefire-plugin/xsd/surefire-test-report-3.0.xsd" version="3.0" name="com.example.groovielivespring.song.SongServiceTest" time="0.317" tests="2" errors="0" skipped="0" failures="0">
  <properties>
[...]
</properties>
  <testcase name="testSearchSong" classname="com.example.groovielivespring.song.SongServiceTest" time="0.034">
    <system-out><![CDATA[2024-01-17T09:02:26.134+01:00  INFO 21816 --- [           main] t.c.s.AnnotationConfigContextLoaderUtils : Could not detect default configuration classes for test class [com.example.groovielivespring.song.SongServiceTest]: SongServiceTest does not declare any static, non-private, non-final, nested classes annotated with @Configuration.
2024-01-17T09:02:26.142+01:00  INFO 21816 --- [           main] .b.t.c.SpringBootTestContextBootstrapper : Found @SpringBootConfiguration com.example.groovielivespring.GroovieLiveSpringApplication for test class com.example.groovielivespring.song.SongServiceTest
]]></system-out>
  </testcase>
  <testcase name="testSearchArtist" classname="com.example.groovielivespring.song.SongServiceTest" time="0.004"/>
</testsuite>