<?xml version="1.0" encoding="UTF-8"?>
<testsuite xmlns:xsi="http://www.w3.org/2001/XMLSchema-instance" xsi:noNamespaceSchemaLocation="https://maven.apache.org/surefire/maven-surefire-plugin/xsd/surefire-test-report-3.0.xsd" version="3.0" name="com.example.groovielivespring.GroovieLiveSpringApplicationTests" time="6.642" tests="1" errors="0" skipped="0" failures="0">
  <properties>
[...]
</properties>
  <testcase name="contextLoads" classname="com.example.groovielivespring.GroovieLiveSpringApplicationTests" time="0.559">
    <system-out><![CDATA[09:02:19.226 [main] INFO org.springframework.test.context.support.AnnotationConfigContextLoaderUtils -- Could not detect default configuration classes for test class [com.example.groovielivespring.GroovieLiveSpringApplicationTests]: GroovieLiveSpringApplicationTests does not declare any static, non-private, non-final, nested classes annotated with @Configuration.
09:02:19.348 [main] INFO org.springframework.boot.test.context.SpringBootTestContextBootstrapper -- Found @SpringBootConfiguration com.example.groovielivespring.GroovieLiveSpringApplication for test class com.example.groovielivespring.GroovieLiveSpringApplicationTests

  .   ____          _            __ _ _
 /\\ / ___'_ __ _ _(_)_ __  __ _ \ \ \ \
( ( )\___ | '_ | '_| | '_ \/ _` | \ \ \ \
 \\/  ___)| |_)| | | | | || (_| |  ) ) ) )
  '  |____| .__|_| |_|_| |_\__, | / / / /
 =========|_|==============|___/=/_/_/_/
 :: Spring Boot ::                (v3.1.3)

2024-01-17T09:02:19.930+01:00  INFO 21816 --- [           main] c.e.g.GroovieLiveSpringApplicationTests  : Starting GroovieLiveSpringApplicationTests using Java 21 with PID 21816 (started by sarah in C:\Users\sarah\eclipse-workspace\groovielive\GroovieLiveSpring)
2024-01-17T09:02:19.931+01:00  INFO 21816 --- [           main] c.e.g.GroovieLiveSpringApplicationTests  : No active profile set, falling back to 1 default profile: "default"
2024-01-17T09:02:20.807+01:00  INFO 21816 --- [           main] .s.d.r.c.RepositoryConfigurationDelegate : Bootstrapping Spring Data JPA repositories in DEFAULT mode.
2024-01-17T09:02:20.898+01:00  INFO 21816 --- [           main] .s.d.r.c.RepositoryConfigurationDelegate : Finished Spring Data repository scanning in 82 ms. Found 1 JPA repository interfaces.
2024-01-17T09:02:21.518+01:00  INFO 21816 --- [           main] o.hibernate.jpa.internal.util.LogHelper  : HHH000204: Processing PersistenceUnitInfo [name: default]
2024-01-17T09:02:21.631+01:00  INFO 21816 --- [           main] org.hibernate.Version                    : HHH000412: Hibernate ORM core version 6.2.7.Final
2024-01-17T09:02:21.634+01:00  INFO 21816 --- [           main] org.hibernate.cfg.Environment            : HHH000406: Using bytecode reflection optimizer
2024-01-17T09:02:21.805+01:00  INFO 21816 --- [           main] o.h.b.i.BytecodeProviderInitiator        : HHH000021: Bytecode provider name : bytebuddy
2024-01-17T09:02:21.984+01:00  INFO 21816 --- [           main] o.s.o.j.p.SpringPersistenceUnitInfo      : No LoadTimeWeaver setup: ignoring JPA class transformer
2024-01-17T09:02:22.011+01:00  INFO 21816 --- [           main] com.zaxxer.hikari.HikariDataSource       : HikariPool-1 - Starting...
2024-01-17T09:02:22.266+01:00  INFO 21816 --- [           main] com.zaxxer.hikari.pool.HikariPool        : HikariPool-1 - Added connection conn0: url=jdbc:h2:mem:userdb user=SA
2024-01-17T09:02:22.268+01:00  INFO 21816 --- [           main] com.zaxxer.hikari.HikariDataSource       : HikariPool-1 - Start completed.
2024-01-17T09:02:22.596+01:00  INFO 21816 --- [           main] o.h.b.i.BytecodeProviderInitiator        : HHH000021: Bytecode provider name : bytebuddy
2024-01-17T09:02:23.343+01:00  INFO 21816 --- [           main] o.h.e.t.j.p.i.JtaPlatformInitiator       : HHH000490: Using JtaPlatform implementation: [org.hibernate.engine.transaction.jta.platform.internal.NoJtaPlatform]
2024-01-17T09:02:23.346+01:00  INFO 21816 --- [           main] j.LocalContainerEntityManagerFactoryBean : Initialized JPA EntityManagerFactory for persistence unit 'default'
2024-01-17T09:02:23.977+01:00  WARN 21816 --- [           main] JpaBaseConfiguration$JpaWebConfiguration : spring.jpa.open-in-view is enabled by default. Therefore, database queries may be performed during view rendering. Explicitly configure spring.jpa.open-in-view to disable this warning
2024-01-17T09:02:24.412+01:00  INFO 21816 --- [           main] o.s.s.web.DefaultSecurityFilterChain     : Will secure any request with [org.springframework.security.web.session.DisableEncodeUrlFilter@255d4d7, org.springframework.security.web.context.request.async.WebAsyncManagerIntegrationFilter@426bf2f2, org.springframework.security.web.context.SecurityContextHolderFilter@445f6f73, org.springframework.security.web.header.HeaderWriterFilter@4965454c, org.springframework.web.filter.CorsFilter@2cfd9b0a, org.springframework.security.web.authentication.logout.LogoutFilter@6d8096ee, org.springframework.security.web.authentication.UsernamePasswordAuthenticationFilter@4dd425dc, org.springframework.security.web.authentication.ui.DefaultLoginPageGeneratingFilter@e2ee348, org.springframework.security.web.authentication.ui.DefaultLogoutPageGeneratingFilter@1f3dafd4, org.springframework.security.web.savedrequest.RequestCacheAwareFilter@6b03c35c, org.springframework.security.web.servletapi.SecurityContextHolderAwareRequestFilter@1a05ff8e, org.springframework.security.web.authentication.AnonymousAuthenticationFilter@33622388, org.springframework.security.web.access.ExceptionTranslationFilter@656c0eae, org.springframework.security.web.access.intercept.FilterSecurityInterceptor@6173863f]
2024-01-17T09:02:25.057+01:00  INFO 21816 --- [           main] c.e.g.GroovieLiveSpringApplicationTests  : Started GroovieLiveSpringApplicationTests in 5.53 seconds (process running for 6.724)
]]></system-out>
    <system-err><![CDATA[WARNING: A Java agent has been loaded dynamically (C:\Users\sarah\.m2\repository\net\bytebuddy\byte-buddy-agent\1.14.6\byte-buddy-agent-1.14.6.jar)
WARNING: If a serviceability tool is in use, please run with -XX:+EnableDynamicAgentLoading to hide this warning
WARNING: If a serviceability tool is not in use, please run with -Djdk.instrument.traceUsage for more information
WARNING: Dynamic loading of agents will be disallowed by default in a future release
]]></system-err>
  </testcase>
</testsuite>